---------------------------------------------------------------
[ 2018-03-08T13:48:58+08:00 ] ::1 ::1 GET /Growth_network/order/admin.php/home/login/index
[ info ] localhost/Growth_network/order/admin.php/home/login/index [运行时间：0.251613s][吞吐率：3.97req/s] [内存消耗：1,009.16kb] [文件加载：28]
[ info ] [ LANG ] C:\PHP\php11\WWW\Growth_network\tp5\thinkphp\lang\zh-cn.php
[ info ] [ ROUTE ] array (
  'type' => 'module',
  'module' => 
  array (
    0 => 'home',
    1 => 'login',
    2 => 'index',
  ),
)
[ info ] [ HEADER ] array (
  'host' => 'localhost',
  'connection' => 'keep-alive',
  'user-agent' => 'Mozilla/5.0 (Windows NT 6.1; Win64; x64) AppleWebKit/537.36 (KHTML, like Gecko) Chrome/63.0.3239.132 Safari/537.36',
  'upgrade-insecure-requests' => '1',
  'accept' => 'text/html,application/xhtml+xml,application/xml;q=0.9,image/webp,image/apng,*/*;q=0.8',
  'accept-encoding' => 'gzip, deflate, br',
  'accept-language' => 'zh-CN,zh;q=0.9',
)
[ info ] [ PARAM ] array (
)
[ info ] [ LOG ] INIT File
---------------------------------------------------------------
[ 2018-03-08T13:49:04+08:00 ] ::1 ::1 GET /Growth_network/order/admin.php/home/login/index
[ info ] localhost/Growth_network/order/admin.php/home/login/index [运行时间：0.015600s][吞吐率：64.10req/s] [内存消耗：1,009.40kb] [文件加载：28]
[ info ] [ LANG ] C:\PHP\php11\WWW\Growth_network\tp5\thinkphp\lang\zh-cn.php
[ info ] [ ROUTE ] array (
  'type' => 'module',
  'module' => 
  array (
    0 => 'home',
    1 => 'login',
    2 => 'index',
  ),
)
[ info ] [ HEADER ] array (
  'host' => 'localhost',
  'connection' => 'keep-alive',
  'cache-control' => 'max-age=0',
  'user-agent' => 'Mozilla/5.0 (Windows NT 6.1; Win64; x64) AppleWebKit/537.36 (KHTML, like Gecko) Chrome/63.0.3239.132 Safari/537.36',
  'upgrade-insecure-requests' => '1',
  'accept' => 'text/html,application/xhtml+xml,application/xml;q=0.9,image/webp,image/apng,*/*;q=0.8',
  'accept-encoding' => 'gzip, deflate, br',
  'accept-language' => 'zh-CN,zh;q=0.9',
)
[ info ] [ PARAM ] array (
)
[ info ] [ LOG ] INIT File
---------------------------------------------------------------
[ 2018-03-08T13:49:12+08:00 ] ::1 ::1 GET /Growth_network/order/admin.php/LOGIN/login/index
[ info ] localhost/Growth_network/order/admin.php/LOGIN/login/index [运行时间：0.328618s][吞吐率：3.04req/s] [内存消耗：1,371.31kb] [文件加载：36]
[ info ] [ LANG ] C:\PHP\php11\WWW\Growth_network\tp5\thinkphp\lang\zh-cn.php
[ info ] [ ROUTE ] array (
  'type' => 'module',
  'module' => 
  array (
    0 => 'LOGIN',
    1 => 'login',
    2 => 'index',
  ),
)
[ info ] [ HEADER ] array (
  'host' => 'localhost',
  'connection' => 'keep-alive',
  'user-agent' => 'Mozilla/5.0 (Windows NT 6.1; Win64; x64) AppleWebKit/537.36 (KHTML, like Gecko) Chrome/63.0.3239.132 Safari/537.36',
  'upgrade-insecure-requests' => '1',
  'accept' => 'text/html,application/xhtml+xml,application/xml;q=0.9,image/webp,image/apng,*/*;q=0.8',
  'accept-encoding' => 'gzip, deflate, br',
  'accept-language' => 'zh-CN,zh;q=0.9',
)
[ info ] [ PARAM ] array (
)
[ info ] [ SESSION ] INIT array (
  'id' => '',
  'var_session_id' => '',
  'prefix' => 'think',
  'type' => '',
  'auto_start' => true,
  'expire' => 0,
)
[ info ] [ RUN ] app\login\controller\Login->index[ C:\PHP\php11\WWW\Growth_network\order\Admin\login\controller\Login.php ]
[ info ] [ VIEW ] C:\PHP\php11\WWW\Growth_network\order/Admin/login\view\login\index.html [ array (
) ]
[ info ] [ LOG ] INIT File
---------------------------------------------------------------
[ 2018-03-08T13:49:18+08:00 ] ::1 ::1 POST /Growth_network/order/admin.php/LOGIN/login/loginvalidate
[ info ] localhost/Growth_network/order/admin.php/LOGIN/login/loginvalidate [运行时间：0.239401s][吞吐率：4.18req/s] [内存消耗：2,514.14kb] [文件加载：45]
[ info ] [ LANG ] C:\PHP\php11\WWW\Growth_network\tp5\thinkphp\lang\zh-cn.php
[ info ] [ ROUTE ] array (
  'type' => 'module',
  'module' => 
  array (
    0 => 'LOGIN',
    1 => 'login',
    2 => 'loginvalidate',
  ),
)
[ info ] [ HEADER ] array (
  'host' => 'localhost',
  'connection' => 'keep-alive',
  'content-length' => '26',
  'accept' => 'application/json, text/javascript, */*; q=0.01',
  'origin' => 'http://localhost',
  'x-requested-with' => 'XMLHttpRequest',
  'user-agent' => 'Mozilla/5.0 (Windows NT 6.1; Win64; x64) AppleWebKit/537.36 (KHTML, like Gecko) Chrome/63.0.3239.132 Safari/537.36',
  'content-type' => 'application/x-www-form-urlencoded; charset=UTF-8',
  'referer' => 'http://localhost/Growth_network/order/admin.php/LOGIN/login/index',
  'accept-encoding' => 'gzip, deflate, br',
  'accept-language' => 'zh-CN,zh;q=0.9',
  'cookie' => 'PHPSESSID=pdt3nttgsbor1d6n38pb4rt397',
)
[ info ] [ PARAM ] array (
  'name' => 'ADMIN',
  'password' => '123456',
)
[ info ] [ SESSION ] INIT array (
  'id' => '',
  'var_session_id' => '',
  'prefix' => 'think',
  'type' => '',
  'auto_start' => true,
  'expire' => 0,
)
[ info ] [ RUN ] app\login\controller\Login->loginvalidate[ C:\PHP\php11\WWW\Growth_network\order\Admin\login\controller\Login.php ]
[ info ] [ DB ] INIT mysql
[ info ] [ LOG ] INIT File
[ sql ] [ DB ] CONNECT:[ UseTime:0.000000s ] mysql:dbname=book;host=127.0.0.1;charset=utf8
[ sql ] [ SQL ] SHOW COLUMNS FROM `user` [ RunTime:0.032200s ]
[ sql ] [ SQL ] SELECT * FROM `user` WHERE  `usercode` = 'ADMIN'  AND `userpwd` = 'e73cb59082fb5f208407468bec986385'  AND `status` = 1 LIMIT 1 [ RunTime:0.000000s ]
---------------------------------------------------------------
[ 2018-03-08T13:49:26+08:00 ] ::1 ::1 POST /Growth_network/order/admin.php/LOGIN/login/loginvalidate
[ info ] localhost/Growth_network/order/admin.php/LOGIN/login/loginvalidate [运行时间：0.143202s][吞吐率：6.98req/s] [内存消耗：2,553.49kb] [文件加载：46]
[ info ] [ LANG ] C:\PHP\php11\WWW\Growth_network\tp5\thinkphp\lang\zh-cn.php
[ info ] [ ROUTE ] array (
  'type' => 'module',
  'module' => 
  array (
    0 => 'LOGIN',
    1 => 'login',
    2 => 'loginvalidate',
  ),
)
[ info ] [ HEADER ] array (
  'host' => 'localhost',
  'connection' => 'keep-alive',
  'content-length' => '26',
  'accept' => 'application/json, text/javascript, */*; q=0.01',
  'origin' => 'http://localhost',
  'x-requested-with' => 'XMLHttpRequest',
  'user-agent' => 'Mozilla/5.0 (Windows NT 6.1; Win64; x64) AppleWebKit/537.36 (KHTML, like Gecko) Chrome/63.0.3239.132 Safari/537.36',
  'content-type' => 'application/x-www-form-urlencoded; charset=UTF-8',
  'referer' => 'http://localhost/Growth_network/order/admin.php/LOGIN/login/index',
  'accept-encoding' => 'gzip, deflate, br',
  'accept-language' => 'zh-CN,zh;q=0.9',
  'cookie' => 'PHPSESSID=pdt3nttgsbor1d6n38pb4rt397',
)
[ info ] [ PARAM ] array (
  'name' => 'admin',
  'password' => '123456',
)
[ info ] [ SESSION ] INIT array (
  'id' => '',
  'var_session_id' => '',
  'prefix' => 'think',
  'type' => '',
  'auto_start' => true,
  'expire' => 0,
)
[ info ] [ RUN ] app\login\controller\Login->loginvalidate[ C:\PHP\php11\WWW\Growth_network\order\Admin\login\controller\Login.php ]
[ info ] [ DB ] INIT mysql
[ info ] [ LOG ] INIT File
[ sql ] [ DB ] CONNECT:[ UseTime:0.015600s ] mysql:dbname=book;host=127.0.0.1;charset=utf8
[ sql ] [ SQL ] SHOW COLUMNS FROM `user` [ RunTime:0.015600s ]
[ sql ] [ SQL ] SELECT * FROM `user` WHERE  `usercode` = 'admin'  AND `userpwd` = '880343944aeb296d98d986b169ee9414'  AND `status` = 1 LIMIT 1 [ RunTime:0.000000s ]
[ sql ] [ SQL ] SHOW COLUMNS FROM `role` [ RunTime:0.015600s ]
[ sql ] [ SQL ] SELECT * FROM `role` WHERE  `role_id` = 1 LIMIT 1 [ RunTime:0.000000s ]
[ sql ] [ SQL ] UPDATE `user`  SET `latestLogin`=1520488165  WHERE  `usercode` = 'admin' [ RunTime:0.044601s ]
---------------------------------------------------------------
[ 2018-03-08T13:49:26+08:00 ] ::1 ::1 GET /Growth_network/order/admin.php/com/index/index.html
[ info ] localhost/Growth_network/order/admin.php/com/index/index.html [运行时间：0.098006s][吞吐率：10.20req/s] [内存消耗：1,665.45kb] [文件加载：38]
[ info ] [ LANG ] C:\PHP\php11\WWW\Growth_network\tp5\thinkphp\lang\zh-cn.php
[ info ] [ ROUTE ] array (
  'type' => 'module',
  'module' => 
  array (
    0 => 'com',
    1 => 'index',
    2 => 'index',
  ),
)
[ info ] [ HEADER ] array (
  'host' => 'localhost',
  'connection' => 'keep-alive',
  'upgrade-insecure-requests' => '1',
  'user-agent' => 'Mozilla/5.0 (Windows NT 6.1; Win64; x64) AppleWebKit/537.36 (KHTML, like Gecko) Chrome/63.0.3239.132 Safari/537.36',
  'accept' => 'text/html,application/xhtml+xml,application/xml;q=0.9,image/webp,image/apng,*/*;q=0.8',
  'referer' => 'http://localhost/Growth_network/order/admin.php/LOGIN/login/index',
  'accept-encoding' => 'gzip, deflate, br',
  'accept-language' => 'zh-CN,zh;q=0.9',
  'cookie' => 'PHPSESSID=pdt3nttgsbor1d6n38pb4rt397',
)
[ info ] [ PARAM ] array (
)
[ info ] [ SESSION ] INIT array (
  'id' => '',
  'var_session_id' => '',
  'prefix' => 'think',
  'type' => '',
  'auto_start' => true,
  'expire' => 0,
)
[ info ] [ RUN ] app\com\controller\Index->index[ C:\PHP\php11\WWW\Growth_network\order\Admin\com\controller\Index.php ]
[ info ] [ VIEW ] C:\PHP\php11\WWW\Growth_network\order/Admin/com\view\index\index.html [ array (
) ]
[ info ] [ LOG ] INIT File
---------------------------------------------------------------
[ 2018-03-08T13:49:26+08:00 ] ::1 ::1 GET /Growth_network/order/admin.php/user/user/index.html
[ info ] localhost/Growth_network/order/admin.php/user/user/index.html [运行时间：0.184011s][吞吐率：5.43req/s] [内存消耗：2,590.91kb] [文件加载：48]
[ info ] [ LANG ] C:\PHP\php11\WWW\Growth_network\tp5\thinkphp\lang\zh-cn.php
[ info ] [ ROUTE ] array (
  'type' => 'module',
  'module' => 
  array (
    0 => 'user',
    1 => 'user',
    2 => 'index',
  ),
)
[ info ] [ HEADER ] array (
  'host' => 'localhost',
  'connection' => 'keep-alive',
  'upgrade-insecure-requests' => '1',
  'user-agent' => 'Mozilla/5.0 (Windows NT 6.1; Win64; x64) AppleWebKit/537.36 (KHTML, like Gecko) Chrome/63.0.3239.132 Safari/537.36',
  'accept' => 'text/html,application/xhtml+xml,application/xml;q=0.9,image/webp,image/apng,*/*;q=0.8',
  'referer' => 'http://localhost/Growth_network/order/admin.php/com/index/index.html',
  'accept-encoding' => 'gzip, deflate, br',
  'accept-language' => 'zh-CN,zh;q=0.9',
  'cookie' => 'PHPSESSID=pdt3nttgsbor1d6n38pb4rt397',
)
[ info ] [ PARAM ] array (
)
[ info ] [ SESSION ] INIT array (
  'id' => '',
  'var_session_id' => '',
  'prefix' => 'think',
  'type' => '',
  'auto_start' => true,
  'expire' => 0,
)
[ info ] [ RUN ] app\user\controller\User->index[ C:\PHP\php11\WWW\Growth_network\order\Admin\user\controller\User.php ]
[ info ] [ DB ] INIT mysql
[ info ] [ VIEW ] C:\PHP\php11\WWW\Growth_network\order/Admin/user\view\user\index.html [ array (
  0 => 'list',
  1 => 'count',
) ]
[ info ] [ LOG ] INIT File
[ sql ] [ DB ] CONNECT:[ UseTime:0.002000s ] mysql:dbname=book;host=127.0.0.1;charset=utf8
[ sql ] [ SQL ] SHOW COLUMNS FROM `user` [ RunTime:0.051003s ]
[ sql ] [ SQL ] SELECT COUNT(*) AS tp_count FROM `user` `a` INNER JOIN `role` `w` ON `a`.`roleid`=`w`.`role_id` LIMIT 1 [ RunTime:0.001000s ]
[ sql ] [ SQL ] SELECT * FROM `user` `a` INNER JOIN `role` `w` ON `a`.`roleid`=`w`.`role_id` LIMIT 0,5 [ RunTime:0.000000s ]
[ sql ] [ SQL ] SELECT COUNT(*) AS tp_count FROM `user` LIMIT 1 [ RunTime:0.000000s ]
---------------------------------------------------------------
[ 2018-03-08T13:50:28+08:00 ] ::1 ::1 GET /Growth_network/order/admin.php/info/info/index.html
[ info ] localhost/Growth_network/order/admin.php/info/info/index.html [运行时间：0.077004s][吞吐率：12.99req/s] [内存消耗：1,050.71kb] [文件加载：29]
[ info ] [ LANG ] C:\PHP\php11\WWW\Growth_network\tp5\thinkphp\lang\zh-cn.php
[ info ] [ ROUTE ] array (
  'type' => 'module',
  'module' => 
  array (
    0 => 'info',
    1 => 'info',
    2 => 'index',
  ),
)
[ info ] [ HEADER ] array (
  'host' => 'localhost',
  'connection' => 'keep-alive',
  'upgrade-insecure-requests' => '1',
  'user-agent' => 'Mozilla/5.0 (Windows NT 6.1; Win64; x64) AppleWebKit/537.36 (KHTML, like Gecko) Chrome/63.0.3239.132 Safari/537.36',
  'accept' => 'text/html,application/xhtml+xml,application/xml;q=0.9,image/webp,image/apng,*/*;q=0.8',
  'referer' => 'http://localhost/Growth_network/order/admin.php/com/index/index.html',
  'accept-encoding' => 'gzip, deflate, br',
  'accept-language' => 'zh-CN,zh;q=0.9',
  'cookie' => 'PHPSESSID=pdt3nttgsbor1d6n38pb4rt397',
)
[ info ] [ PARAM ] array (
)
[ info ] [ LOG ] INIT File
[ error ] [4]语法错误: unexpected '下架' (T_STRING)[C:\PHP\php11\WWW\Growth_network\order\Admin\info\controller\Info.php:103]
---------------------------------------------------------------
[ 2018-03-08T13:50:30+08:00 ] ::1 ::1 GET /Growth_network/order/admin.php/info/info/index.html
[ info ] localhost/Growth_network/order/admin.php/info/info/index.html [运行时间：0.015600s][吞吐率：64.10req/s] [内存消耗：1,050.71kb] [文件加载：29]
[ info ] [ LANG ] C:\PHP\php11\WWW\Growth_network\tp5\thinkphp\lang\zh-cn.php
[ info ] [ ROUTE ] array (
  'type' => 'module',
  'module' => 
  array (
    0 => 'info',
    1 => 'info',
    2 => 'index',
  ),
)
[ info ] [ HEADER ] array (
  'host' => 'localhost',
  'connection' => 'keep-alive',
  'upgrade-insecure-requests' => '1',
  'user-agent' => 'Mozilla/5.0 (Windows NT 6.1; Win64; x64) AppleWebKit/537.36 (KHTML, like Gecko) Chrome/63.0.3239.132 Safari/537.36',
  'accept' => 'text/html,application/xhtml+xml,application/xml;q=0.9,image/webp,image/apng,*/*;q=0.8',
  'referer' => 'http://localhost/Growth_network/order/admin.php/com/index/index.html',
  'accept-encoding' => 'gzip, deflate, br',
  'accept-language' => 'zh-CN,zh;q=0.9',
  'cookie' => 'PHPSESSID=pdt3nttgsbor1d6n38pb4rt397',
)
[ info ] [ PARAM ] array (
)
[ info ] [ LOG ] INIT File
[ error ] [4]语法错误: unexpected '下架' (T_STRING)[C:\PHP\php11\WWW\Growth_network\order\Admin\info\controller\Info.php:103]
---------------------------------------------------------------
[ 2018-03-08T13:50:31+08:00 ] ::1 ::1 GET /Growth_network/order/admin.php/info/info/index.html
[ info ] localhost/Growth_network/order/admin.php/info/info/index.html [运行时间：0.019600s][吞吐率：51.02req/s] [内存消耗：1,050.71kb] [文件加载：29]
[ info ] [ LANG ] C:\PHP\php11\WWW\Growth_network\tp5\thinkphp\lang\zh-cn.php
[ info ] [ ROUTE ] array (
  'type' => 'module',
  'module' => 
  array (
    0 => 'info',
    1 => 'info',
    2 => 'index',
  ),
)
[ info ] [ HEADER ] array (
  'host' => 'localhost',
  'connection' => 'keep-alive',
  'upgrade-insecure-requests' => '1',
  'user-agent' => 'Mozilla/5.0 (Windows NT 6.1; Win64; x64) AppleWebKit/537.36 (KHTML, like Gecko) Chrome/63.0.3239.132 Safari/537.36',
  'accept' => 'text/html,application/xhtml+xml,application/xml;q=0.9,image/webp,image/apng,*/*;q=0.8',
  'referer' => 'http://localhost/Growth_network/order/admin.php/com/index/index.html',
  'accept-encoding' => 'gzip, deflate, br',
  'accept-language' => 'zh-CN,zh;q=0.9',
  'cookie' => 'PHPSESSID=pdt3nttgsbor1d6n38pb4rt397',
)
[ info ] [ PARAM ] array (
)
[ info ] [ LOG ] INIT File
[ error ] [4]语法错误: unexpected '下架' (T_STRING)[C:\PHP\php11\WWW\Growth_network\order\Admin\info\controller\Info.php:103]
---------------------------------------------------------------
[ 2018-03-08T13:50:31+08:00 ] ::1 ::1 GET /Growth_network/order/admin.php/info/info/index.html
[ info ] localhost/Growth_network/order/admin.php/info/info/index.html [运行时间：0.023601s][吞吐率：42.37req/s] [内存消耗：1,050.71kb] [文件加载：29]
[ info ] [ LANG ] C:\PHP\php11\WWW\Growth_network\tp5\thinkphp\lang\zh-cn.php
[ info ] [ ROUTE ] array (
  'type' => 'module',
  'module' => 
  array (
    0 => 'info',
    1 => 'info',
    2 => 'index',
  ),
)
[ info ] [ HEADER ] array (
  'host' => 'localhost',
  'connection' => 'keep-alive',
  'upgrade-insecure-requests' => '1',
  'user-agent' => 'Mozilla/5.0 (Windows NT 6.1; Win64; x64) AppleWebKit/537.36 (KHTML, like Gecko) Chrome/63.0.3239.132 Safari/537.36',
  'accept' => 'text/html,application/xhtml+xml,application/xml;q=0.9,image/webp,image/apng,*/*;q=0.8',
  'referer' => 'http://localhost/Growth_network/order/admin.php/com/index/index.html',
  'accept-encoding' => 'gzip, deflate, br',
  'accept-language' => 'zh-CN,zh;q=0.9',
  'cookie' => 'PHPSESSID=pdt3nttgsbor1d6n38pb4rt397',
)
[ info ] [ PARAM ] array (
)
[ info ] [ LOG ] INIT File
[ error ] [4]语法错误: unexpected '下架' (T_STRING)[C:\PHP\php11\WWW\Growth_network\order\Admin\info\controller\Info.php:103]
---------------------------------------------------------------
[ 2018-03-08T13:50:31+08:00 ] ::1 ::1 GET /Growth_network/order/admin.php/info/info/index.html
[ info ] localhost/Growth_network/order/admin.php/info/info/index.html [运行时间：0.015600s][吞吐率：64.10req/s] [内存消耗：1,050.71kb] [文件加载：29]
[ info ] [ LANG ] C:\PHP\php11\WWW\Growth_network\tp5\thinkphp\lang\zh-cn.php
[ info ] [ ROUTE ] array (
  'type' => 'module',
  'module' => 
  array (
    0 => 'info',
    1 => 'info',
    2 => 'index',
  ),
)
[ info ] [ HEADER ] array (
  'host' => 'localhost',
  'connection' => 'keep-alive',
  'upgrade-insecure-requests' => '1',
  'user-agent' => 'Mozilla/5.0 (Windows NT 6.1; Win64; x64) AppleWebKit/537.36 (KHTML, like Gecko) Chrome/63.0.3239.132 Safari/537.36',
  'accept' => 'text/html,application/xhtml+xml,application/xml;q=0.9,image/webp,image/apng,*/*;q=0.8',
  'referer' => 'http://localhost/Growth_network/order/admin.php/com/index/index.html',
  'accept-encoding' => 'gzip, deflate, br',
  'accept-language' => 'zh-CN,zh;q=0.9',
  'cookie' => 'PHPSESSID=pdt3nttgsbor1d6n38pb4rt397',
)
[ info ] [ PARAM ] array (
)
[ info ] [ LOG ] INIT File
[ error ] [4]语法错误: unexpected '下架' (T_STRING)[C:\PHP\php11\WWW\Growth_network\order\Admin\info\controller\Info.php:103]
---------------------------------------------------------------
[ 2018-03-08T13:50:31+08:00 ] ::1 ::1 GET /Growth_network/order/admin.php/info/info/index.html
[ info ] localhost/Growth_network/order/admin.php/info/info/index.html [运行时间：0.026601s][吞吐率：37.59req/s] [内存消耗：1,050.71kb] [文件加载：29]
[ info ] [ LANG ] C:\PHP\php11\WWW\Growth_network\tp5\thinkphp\lang\zh-cn.php
[ info ] [ ROUTE ] array (
  'type' => 'module',
  'module' => 
  array (
    0 => 'info',
    1 => 'info',
    2 => 'index',
  ),
)
[ info ] [ HEADER ] array (
  'host' => 'localhost',
  'connection' => 'keep-alive',
  'upgrade-insecure-requests' => '1',
  'user-agent' => 'Mozilla/5.0 (Windows NT 6.1; Win64; x64) AppleWebKit/537.36 (KHTML, like Gecko) Chrome/63.0.3239.132 Safari/537.36',
  'accept' => 'text/html,application/xhtml+xml,application/xml;q=0.9,image/webp,image/apng,*/*;q=0.8',
  'referer' => 'http://localhost/Growth_network/order/admin.php/com/index/index.html',
  'accept-encoding' => 'gzip, deflate, br',
  'accept-language' => 'zh-CN,zh;q=0.9',
  'cookie' => 'PHPSESSID=pdt3nttgsbor1d6n38pb4rt397',
)
[ info ] [ PARAM ] array (
)
[ info ] [ LOG ] INIT File
[ error ] [4]语法错误: unexpected '下架' (T_STRING)[C:\PHP\php11\WWW\Growth_network\order\Admin\info\controller\Info.php:103]
---------------------------------------------------------------
[ 2018-03-08T13:50:32+08:00 ] ::1 ::1 GET /Growth_network/order/admin.php/info/info/index.html
[ info ] localhost/Growth_network/order/admin.php/info/info/index.html [运行时间：0.028601s][吞吐率：34.96req/s] [内存消耗：1,050.71kb] [文件加载：29]
[ info ] [ LANG ] C:\PHP\php11\WWW\Growth_network\tp5\thinkphp\lang\zh-cn.php
[ info ] [ ROUTE ] array (
  'type' => 'module',
  'module' => 
  array (
    0 => 'info',
    1 => 'info',
    2 => 'index',
  ),
)
[ info ] [ HEADER ] array (
  'host' => 'localhost',
  'connection' => 'keep-alive',
  'upgrade-insecure-requests' => '1',
  'user-agent' => 'Mozilla/5.0 (Windows NT 6.1; Win64; x64) AppleWebKit/537.36 (KHTML, like Gecko) Chrome/63.0.3239.132 Safari/537.36',
  'accept' => 'text/html,application/xhtml+xml,application/xml;q=0.9,image/webp,image/apng,*/*;q=0.8',
  'referer' => 'http://localhost/Growth_network/order/admin.php/com/index/index.html',
  'accept-encoding' => 'gzip, deflate, br',
  'accept-language' => 'zh-CN,zh;q=0.9',
  'cookie' => 'PHPSESSID=pdt3nttgsbor1d6n38pb4rt397',
)
[ info ] [ PARAM ] array (
)
[ info ] [ LOG ] INIT File
[ error ] [4]语法错误: unexpected '下架' (T_STRING)[C:\PHP\php11\WWW\Growth_network\order\Admin\info\controller\Info.php:103]
---------------------------------------------------------------
[ 2018-03-08T13:50:38+08:00 ] ::1 ::1 GET /Growth_network/order/admin.php/com/index/index.html
[ info ] localhost/Growth_network/order/admin.php/com/index/index.html [运行时间：0.037002s][吞吐率：27.03req/s] [内存消耗：1,665.63kb] [文件加载：38]
[ info ] [ LANG ] C:\PHP\php11\WWW\Growth_network\tp5\thinkphp\lang\zh-cn.php
[ info ] [ ROUTE ] array (
  'type' => 'module',
  'module' => 
  array (
    0 => 'com',
    1 => 'index',
    2 => 'index',
  ),
)
[ info ] [ HEADER ] array (
  'host' => 'localhost',
  'connection' => 'keep-alive',
  'cache-control' => 'max-age=0',
  'user-agent' => 'Mozilla/5.0 (Windows NT 6.1; Win64; x64) AppleWebKit/537.36 (KHTML, like Gecko) Chrome/63.0.3239.132 Safari/537.36',
  'upgrade-insecure-requests' => '1',
  'accept' => 'text/html,application/xhtml+xml,application/xml;q=0.9,image/webp,image/apng,*/*;q=0.8',
  'referer' => 'http://localhost/Growth_network/order/admin.php/LOGIN/login/index',
  'accept-encoding' => 'gzip, deflate, br',
  'accept-language' => 'zh-CN,zh;q=0.9',
  'cookie' => 'PHPSESSID=pdt3nttgsbor1d6n38pb4rt397',
)
[ info ] [ PARAM ] array (
)
[ info ] [ SESSION ] INIT array (
  'id' => '',
  'var_session_id' => '',
  'prefix' => 'think',
  'type' => '',
  'auto_start' => true,
  'expire' => 0,
)
[ info ] [ RUN ] app\com\controller\Index->index[ C:\PHP\php11\WWW\Growth_network\order\Admin\com\controller\Index.php ]
[ info ] [ VIEW ] C:\PHP\php11\WWW\Growth_network\order/Admin/com\view\index\index.html [ array (
) ]
[ info ] [ LOG ] INIT File
---------------------------------------------------------------
[ 2018-03-08T13:50:38+08:00 ] ::1 ::1 GET /Growth_network/order/admin.php/user/user/index.html
[ info ] localhost/Growth_network/order/admin.php/user/user/index.html [运行时间：0.088005s][吞吐率：11.36req/s] [内存消耗：2,590.91kb] [文件加载：48]
[ info ] [ LANG ] C:\PHP\php11\WWW\Growth_network\tp5\thinkphp\lang\zh-cn.php
[ info ] [ ROUTE ] array (
  'type' => 'module',
  'module' => 
  array (
    0 => 'user',
    1 => 'user',
    2 => 'index',
  ),
)
[ info ] [ HEADER ] array (
  'host' => 'localhost',
  'connection' => 'keep-alive',
  'upgrade-insecure-requests' => '1',
  'user-agent' => 'Mozilla/5.0 (Windows NT 6.1; Win64; x64) AppleWebKit/537.36 (KHTML, like Gecko) Chrome/63.0.3239.132 Safari/537.36',
  'accept' => 'text/html,application/xhtml+xml,application/xml;q=0.9,image/webp,image/apng,*/*;q=0.8',
  'referer' => 'http://localhost/Growth_network/order/admin.php/com/index/index.html',
  'accept-encoding' => 'gzip, deflate, br',
  'accept-language' => 'zh-CN,zh;q=0.9',
  'cookie' => 'PHPSESSID=pdt3nttgsbor1d6n38pb4rt397',
)
[ info ] [ PARAM ] array (
)
[ info ] [ SESSION ] INIT array (
  'id' => '',
  'var_session_id' => '',
  'prefix' => 'think',
  'type' => '',
  'auto_start' => true,
  'expire' => 0,
)
[ info ] [ RUN ] app\user\controller\User->index[ C:\PHP\php11\WWW\Growth_network\order\Admin\user\controller\User.php ]
[ info ] [ DB ] INIT mysql
[ info ] [ VIEW ] C:\PHP\php11\WWW\Growth_network\order/Admin/user\view\user\index.html [ array (
  0 => 'list',
  1 => 'count',
) ]
[ info ] [ LOG ] INIT File
[ sql ] [ DB ] CONNECT:[ UseTime:0.001000s ] mysql:dbname=book;host=127.0.0.1;charset=utf8
[ sql ] [ SQL ] SHOW COLUMNS FROM `user` [ RunTime:0.023001s ]
[ sql ] [ SQL ] SELECT COUNT(*) AS tp_count FROM `user` `a` INNER JOIN `role` `w` ON `a`.`roleid`=`w`.`role_id` LIMIT 1 [ RunTime:0.001000s ]
[ sql ] [ SQL ] SELECT * FROM `user` `a` INNER JOIN `role` `w` ON `a`.`roleid`=`w`.`role_id` LIMIT 0,5 [ RunTime:0.001000s ]
[ sql ] [ SQL ] SELECT COUNT(*) AS tp_count FROM `user` LIMIT 1 [ RunTime:0.000000s ]
---------------------------------------------------------------
[ 2018-03-08T13:50:40+08:00 ] ::1 ::1 GET /Growth_network/order/admin.php/info/info/index.html
[ info ] localhost/Growth_network/order/admin.php/info/info/index.html [运行时间：0.551032s][吞吐率：1.81req/s] [内存消耗：2,620.77kb] [文件加载：49]
[ info ] [ LANG ] C:\PHP\php11\WWW\Growth_network\tp5\thinkphp\lang\zh-cn.php
[ info ] [ ROUTE ] array (
  'type' => 'module',
  'module' => 
  array (
    0 => 'info',
    1 => 'info',
    2 => 'index',
  ),
)
[ info ] [ HEADER ] array (
  'host' => 'localhost',
  'connection' => 'keep-alive',
  'upgrade-insecure-requests' => '1',
  'user-agent' => 'Mozilla/5.0 (Windows NT 6.1; Win64; x64) AppleWebKit/537.36 (KHTML, like Gecko) Chrome/63.0.3239.132 Safari/537.36',
  'accept' => 'text/html,application/xhtml+xml,application/xml;q=0.9,image/webp,image/apng,*/*;q=0.8',
  'referer' => 'http://localhost/Growth_network/order/admin.php/com/index/index.html',
  'accept-encoding' => 'gzip, deflate, br',
  'accept-language' => 'zh-CN,zh;q=0.9',
  'cookie' => 'PHPSESSID=pdt3nttgsbor1d6n38pb4rt397',
)
[ info ] [ PARAM ] array (
)
[ info ] [ SESSION ] INIT array (
  'id' => '',
  'var_session_id' => '',
  'prefix' => 'think',
  'type' => '',
  'auto_start' => true,
  'expire' => 0,
)
[ info ] [ RUN ] app\info\controller\Info->index[ C:\PHP\php11\WWW\Growth_network\order\Admin\info\controller\Info.php ]
[ info ] [ DB ] INIT mysql
[ info ] [ VIEW ] C:\PHP\php11\WWW\Growth_network\order/Admin/info\view\info\index.html [ array (
  0 => 'list',
  1 => 'type',
  2 => 'count',
) ]
[ info ] [ LOG ] INIT File
[ sql ] [ DB ] CONNECT:[ UseTime:0.001000s ] mysql:dbname=book;host=127.0.0.1;charset=utf8
[ sql ] [ SQL ] SHOW COLUMNS FROM `P_info` [ RunTime:0.018001s ]
[ sql ] [ SQL ] SELECT COUNT(*) AS tp_count FROM `P_info` `a` INNER JOIN `info_type` `w` ON `a`.`type_id`=`w`.`type_id` LIMIT 1 [ RunTime:0.000000s ]
[ sql ] [ SQL ] SELECT * FROM `P_info` `a` INNER JOIN `info_type` `w` ON `a`.`type_id`=`w`.`type_id` LIMIT 0,5 [ RunTime:0.001000s ]
[ sql ] [ SQL ] SHOW COLUMNS FROM `p_info` [ RunTime:0.012001s ]
[ sql ] [ SQL ] SELECT COUNT(*) AS tp_count FROM `p_info` LIMIT 1 [ RunTime:0.000000s ]
[ sql ] [ SQL ] SHOW COLUMNS FROM `info_type` [ RunTime:0.017001s ]
[ sql ] [ SQL ] SELECT * FROM `info_type` WHERE  `type_status` = 1 [ RunTime:0.000000s ]
---------------------------------------------------------------
[ 2018-03-08T13:50:46+08:00 ] ::1 ::1 POST /Growth_network/order/admin.php/info/info/status.html
[ info ] localhost/Growth_network/order/admin.php/info/info/status.html [运行时间：0.197205s][吞吐率：5.07req/s] [内存消耗：2,515.53kb] [文件加载：48]
[ info ] [ LANG ] C:\PHP\php11\WWW\Growth_network\tp5\thinkphp\lang\zh-cn.php
[ info ] [ ROUTE ] array (
  'type' => 'module',
  'module' => 
  array (
    0 => 'info',
    1 => 'info',
    2 => 'status',
  ),
)
[ info ] [ HEADER ] array (
  'host' => 'localhost',
  'connection' => 'keep-alive',
  'content-length' => '13',
  'accept' => '*/*',
  'origin' => 'http://localhost',
  'x-requested-with' => 'XMLHttpRequest',
  'user-agent' => 'Mozilla/5.0 (Windows NT 6.1; Win64; x64) AppleWebKit/537.36 (KHTML, like Gecko) Chrome/63.0.3239.132 Safari/537.36',
  'content-type' => 'application/x-www-form-urlencoded; charset=UTF-8',
  'referer' => 'http://localhost/Growth_network/order/admin.php/info/info/index.html',
  'accept-encoding' => 'gzip, deflate, br',
  'accept-language' => 'zh-CN,zh;q=0.9',
  'cookie' => 'PHPSESSID=pdt3nttgsbor1d6n38pb4rt397',
)
[ info ] [ PARAM ] array (
  'id' => '3',
  'status' => '1',
)
[ info ] [ SESSION ] INIT array (
  'id' => '',
  'var_session_id' => '',
  'prefix' => 'think',
  'type' => '',
  'auto_start' => true,
  'expire' => 0,
)
[ info ] [ RUN ] app\info\controller\Info->status[ C:\PHP\php11\WWW\Growth_network\order\Admin\info\controller\Info.php ]
[ info ] [ DB ] INIT mysql
[ info ] [ CACHE ] INIT File
[ info ] [ LOG ] INIT File
[ sql ] [ DB ] CONNECT:[ UseTime:0.000000s ] mysql:dbname=book;host=127.0.0.1;charset=utf8
[ sql ] [ SQL ] SHOW COLUMNS FROM `p_info` [ RunTime:0.015600s ]
[ sql ] [ SQL ] UPDATE `p_info`  SET `examine`='admin',`examineTime`=1520488246,`status`=1  WHERE  `id` = 3 [ RunTime:0.035002s ]
[ sql ] [ SQL ] SHOW COLUMNS FROM `log` [ RunTime:0.016001s ]
[ sql ] [ SQL ] INSERT INTO `log` (`log_user_name` , `log_name` , `log_operation` , `create_time`) VALUES ('admin' , '王海生' , '审核咨讯，结果：审核完成。' , 1520488246) [ RunTime:0.001000s ]
---------------------------------------------------------------
[ 2018-03-08T13:50:47+08:00 ] ::1 ::1 GET /Growth_network/order/admin.php/info/info/index.html
[ info ] localhost/Growth_network/order/admin.php/info/info/index.html [运行时间：0.127206s][吞吐率：7.86req/s] [内存消耗：2,620.92kb] [文件加载：49]
[ info ] [ LANG ] C:\PHP\php11\WWW\Growth_network\tp5\thinkphp\lang\zh-cn.php
[ info ] [ ROUTE ] array (
  'type' => 'module',
  'module' => 
  array (
    0 => 'info',
    1 => 'info',
    2 => 'index',
  ),
)
[ info ] [ HEADER ] array (
  'host' => 'localhost',
  'connection' => 'keep-alive',
  'cache-control' => 'max-age=0',
  'upgrade-insecure-requests' => '1',
  'user-agent' => 'Mozilla/5.0 (Windows NT 6.1; Win64; x64) AppleWebKit/537.36 (KHTML, like Gecko) Chrome/63.0.3239.132 Safari/537.36',
  'accept' => 'text/html,application/xhtml+xml,application/xml;q=0.9,image/webp,image/apng,*/*;q=0.8',
  'referer' => 'http://localhost/Growth_network/order/admin.php/info/info/index.html',
  'accept-encoding' => 'gzip, deflate, br',
  'accept-language' => 'zh-CN,zh;q=0.9',
  'cookie' => 'PHPSESSID=pdt3nttgsbor1d6n38pb4rt397',
)
[ info ] [ PARAM ] array (
)
[ info ] [ SESSION ] INIT array (
  'id' => '',
  'var_session_id' => '',
  'prefix' => 'think',
  'type' => '',
  'auto_start' => true,
  'expire' => 0,
)
[ info ] [ RUN ] app\info\controller\Info->index[ C:\PHP\php11\WWW\Growth_network\order\Admin\info\controller\Info.php ]
[ info ] [ DB ] INIT mysql
[ info ] [ VIEW ] C:\PHP\php11\WWW\Growth_network\order/Admin/info\view\info\index.html [ array (
  0 => 'list',
  1 => 'type',
  2 => 'count',
) ]
[ info ] [ LOG ] INIT File
[ sql ] [ DB ] CONNECT:[ UseTime:0.001000s ] mysql:dbname=book;host=127.0.0.1;charset=utf8
[ sql ] [ SQL ] SHOW COLUMNS FROM `P_info` [ RunTime:0.046002s ]
[ sql ] [ SQL ] SELECT COUNT(*) AS tp_count FROM `P_info` `a` INNER JOIN `info_type` `w` ON `a`.`type_id`=`w`.`type_id` LIMIT 1 [ RunTime:0.001000s ]
[ sql ] [ SQL ] SELECT * FROM `P_info` `a` INNER JOIN `info_type` `w` ON `a`.`type_id`=`w`.`type_id` LIMIT 0,5 [ RunTime:0.000000s ]
[ sql ] [ SQL ] SHOW COLUMNS FROM `p_info` [ RunTime:0.018001s ]
[ sql ] [ SQL ] SELECT COUNT(*) AS tp_count FROM `p_info` LIMIT 1 [ RunTime:0.000000s ]
[ sql ] [ SQL ] SHOW COLUMNS FROM `info_type` [ RunTime:0.016001s ]
[ sql ] [ SQL ] SELECT * FROM `info_type` WHERE  `type_status` = 1 [ RunTime:0.000000s ]
---------------------------------------------------------------
[ 2018-03-08T13:56:39+08:00 ] ::1 ::1 GET /Growth_network/order/admin.php/com/index/index.html
[ info ] localhost/Growth_network/order/admin.php/com/index/index.html [运行时间：0.037002s][吞吐率：27.03req/s] [内存消耗：1,665.63kb] [文件加载：38]
[ info ] [ LANG ] C:\PHP\php11\WWW\Growth_network\tp5\thinkphp\lang\zh-cn.php
[ info ] [ ROUTE ] array (
  'type' => 'module',
  'module' => 
  array (
    0 => 'com',
    1 => 'index',
    2 => 'index',
  ),
)
[ info ] [ HEADER ] array (
  'host' => 'localhost',
  'connection' => 'keep-alive',
  'cache-control' => 'max-age=0',
  'user-agent' => 'Mozilla/5.0 (Windows NT 6.1; Win64; x64) AppleWebKit/537.36 (KHTML, like Gecko) Chrome/63.0.3239.132 Safari/537.36',
  'upgrade-insecure-requests' => '1',
  'accept' => 'text/html,application/xhtml+xml,application/xml;q=0.9,image/webp,image/apng,*/*;q=0.8',
  'referer' => 'http://localhost/Growth_network/order/admin.php/LOGIN/login/index',
  'accept-encoding' => 'gzip, deflate, br',
  'accept-language' => 'zh-CN,zh;q=0.9',
  'cookie' => 'PHPSESSID=pdt3nttgsbor1d6n38pb4rt397',
)
[ info ] [ PARAM ] array (
)
[ info ] [ SESSION ] INIT array (
  'id' => '',
  'var_session_id' => '',
  'prefix' => 'think',
  'type' => '',
  'auto_start' => true,
  'expire' => 0,
)
[ info ] [ RUN ] app\com\controller\Index->index[ C:\PHP\php11\WWW\Growth_network\order\Admin\com\controller\Index.php ]
[ info ] [ VIEW ] C:\PHP\php11\WWW\Growth_network\order/Admin/com\view\index\index.html [ array (
) ]
[ info ] [ LOG ] INIT File
---------------------------------------------------------------
[ 2018-03-08T13:56:39+08:00 ] ::1 ::1 GET /Growth_network/order/admin.php/user/user/index.html
[ info ] localhost/Growth_network/order/admin.php/user/user/index.html [运行时间：0.097005s][吞吐率：10.31req/s] [内存消耗：2,590.91kb] [文件加载：48]
[ info ] [ LANG ] C:\PHP\php11\WWW\Growth_network\tp5\thinkphp\lang\zh-cn.php
[ info ] [ ROUTE ] array (
  'type' => 'module',
  'module' => 
  array (
    0 => 'user',
    1 => 'user',
    2 => 'index',
  ),
)
[ info ] [ HEADER ] array (
  'host' => 'localhost',
  'connection' => 'keep-alive',
  'upgrade-insecure-requests' => '1',
  'user-agent' => 'Mozilla/5.0 (Windows NT 6.1; Win64; x64) AppleWebKit/537.36 (KHTML, like Gecko) Chrome/63.0.3239.132 Safari/537.36',
  'accept' => 'text/html,application/xhtml+xml,application/xml;q=0.9,image/webp,image/apng,*/*;q=0.8',
  'referer' => 'http://localhost/Growth_network/order/admin.php/com/index/index.html',
  'accept-encoding' => 'gzip, deflate, br',
  'accept-language' => 'zh-CN,zh;q=0.9',
  'cookie' => 'PHPSESSID=pdt3nttgsbor1d6n38pb4rt397',
)
[ info ] [ PARAM ] array (
)
[ info ] [ SESSION ] INIT array (
  'id' => '',
  'var_session_id' => '',
  'prefix' => 'think',
  'type' => '',
  'auto_start' => true,
  'expire' => 0,
)
[ info ] [ RUN ] app\user\controller\User->index[ C:\PHP\php11\WWW\Growth_network\order\Admin\user\controller\User.php ]
[ info ] [ DB ] INIT mysql
[ info ] [ VIEW ] C:\PHP\php11\WWW\Growth_network\order/Admin/user\view\user\index.html [ array (
  0 => 'list',
  1 => 'count',
) ]
[ info ] [ LOG ] INIT File
[ sql ] [ DB ] CONNECT:[ UseTime:0.002000s ] mysql:dbname=book;host=127.0.0.1;charset=utf8
[ sql ] [ SQL ] SHOW COLUMNS FROM `user` [ RunTime:0.043002s ]
[ sql ] [ SQL ] SELECT COUNT(*) AS tp_count FROM `user` `a` INNER JOIN `role` `w` ON `a`.`roleid`=`w`.`role_id` LIMIT 1 [ RunTime:0.000000s ]
[ sql ] [ SQL ] SELECT * FROM `user` `a` INNER JOIN `role` `w` ON `a`.`roleid`=`w`.`role_id` LIMIT 0,5 [ RunTime:0.001000s ]
[ sql ] [ SQL ] SELECT COUNT(*) AS tp_count FROM `user` LIMIT 1 [ RunTime:0.000000s ]
---------------------------------------------------------------
[ 2018-03-08T13:56:41+08:00 ] ::1 ::1 GET /Growth_network/order/admin.php/info/info/index.html
[ info ] localhost/Growth_network/order/admin.php/info/info/index.html [运行时间：0.107204s][吞吐率：9.33req/s] [内存消耗：2,621.54kb] [文件加载：49]
[ info ] [ LANG ] C:\PHP\php11\WWW\Growth_network\tp5\thinkphp\lang\zh-cn.php
[ info ] [ ROUTE ] array (
  'type' => 'module',
  'module' => 
  array (
    0 => 'info',
    1 => 'info',
    2 => 'index',
  ),
)
[ info ] [ HEADER ] array (
  'host' => 'localhost',
  'connection' => 'keep-alive',
  'upgrade-insecure-requests' => '1',
  'user-agent' => 'Mozilla/5.0 (Windows NT 6.1; Win64; x64) AppleWebKit/537.36 (KHTML, like Gecko) Chrome/63.0.3239.132 Safari/537.36',
  'accept' => 'text/html,application/xhtml+xml,application/xml;q=0.9,image/webp,image/apng,*/*;q=0.8',
  'referer' => 'http://localhost/Growth_network/order/admin.php/com/index/index.html',
  'accept-encoding' => 'gzip, deflate, br',
  'accept-language' => 'zh-CN,zh;q=0.9',
  'cookie' => 'PHPSESSID=pdt3nttgsbor1d6n38pb4rt397',
)
[ info ] [ PARAM ] array (
)
[ info ] [ SESSION ] INIT array (
  'id' => '',
  'var_session_id' => '',
  'prefix' => 'think',
  'type' => '',
  'auto_start' => true,
  'expire' => 0,
)
[ info ] [ RUN ] app\info\controller\Info->index[ C:\PHP\php11\WWW\Growth_network\order\Admin\info\controller\Info.php ]
[ info ] [ DB ] INIT mysql
[ info ] [ VIEW ] C:\PHP\php11\WWW\Growth_network\order/Admin/info\view\info\index.html [ array (
  0 => 'list',
  1 => 'type',
  2 => 'count',
) ]
[ info ] [ LOG ] INIT File
[ sql ] [ DB ] CONNECT:[ UseTime:0.001000s ] mysql:dbname=book;host=127.0.0.1;charset=utf8
[ sql ] [ SQL ] SHOW COLUMNS FROM `P_info` [ RunTime:0.019001s ]
[ sql ] [ SQL ] SELECT COUNT(*) AS tp_count FROM `P_info` `a` INNER JOIN `info_type` `w` ON `a`.`type_id`=`w`.`type_id` LIMIT 1 [ RunTime:0.001000s ]
[ sql ] [ SQL ] SELECT * FROM `P_info` `a` INNER JOIN `info_type` `w` ON `a`.`type_id`=`w`.`type_id` LIMIT 0,5 [ RunTime:0.000000s ]
[ sql ] [ SQL ] SHOW COLUMNS FROM `p_info` [ RunTime:0.012001s ]
[ sql ] [ SQL ] SELECT COUNT(*) AS tp_count FROM `p_info` LIMIT 1 [ RunTime:0.000000s ]
[ sql ] [ SQL ] SHOW COLUMNS FROM `info_type` [ RunTime:0.015001s ]
[ sql ] [ SQL ] SELECT * FROM `info_type` WHERE  `type_status` = 1 [ RunTime:0.001000s ]
---------------------------------------------------------------
[ 2018-03-08T13:56:43+08:00 ] ::1 ::1 POST /Growth_network/order/admin.php/info/info/article_status.html
[ info ] localhost/Growth_network/order/admin.php/info/info/article_status.html [运行时间：0.109403s][吞吐率：9.14req/s] [内存消耗：2,516.27kb] [文件加载：48]
[ info ] [ LANG ] C:\PHP\php11\WWW\Growth_network\tp5\thinkphp\lang\zh-cn.php
[ info ] [ ROUTE ] array (
  'type' => 'module',
  'module' => 
  array (
    0 => 'info',
    1 => 'info',
    2 => 'article_status',
  ),
)
[ info ] [ HEADER ] array (
  'host' => 'localhost',
  'connection' => 'keep-alive',
  'content-length' => '13',
  'accept' => '*/*',
  'origin' => 'http://localhost',
  'x-requested-with' => 'XMLHttpRequest',
  'user-agent' => 'Mozilla/5.0 (Windows NT 6.1; Win64; x64) AppleWebKit/537.36 (KHTML, like Gecko) Chrome/63.0.3239.132 Safari/537.36',
  'content-type' => 'application/x-www-form-urlencoded; charset=UTF-8',
  'referer' => 'http://localhost/Growth_network/order/admin.php/info/info/index.html',
  'accept-encoding' => 'gzip, deflate, br',
  'accept-language' => 'zh-CN,zh;q=0.9',
  'cookie' => 'PHPSESSID=pdt3nttgsbor1d6n38pb4rt397',
)
[ info ] [ PARAM ] array (
  'id' => '1',
  'status' => '1',
)
[ info ] [ SESSION ] INIT array (
  'id' => '',
  'var_session_id' => '',
  'prefix' => 'think',
  'type' => '',
  'auto_start' => true,
  'expire' => 0,
)
[ info ] [ RUN ] app\info\controller\Info->article_status[ C:\PHP\php11\WWW\Growth_network\order\Admin\info\controller\Info.php ]
[ info ] [ DB ] INIT mysql
[ info ] [ CACHE ] INIT File
[ info ] [ LOG ] INIT File
[ sql ] [ DB ] CONNECT:[ UseTime:0.001000s ] mysql:dbname=book;host=127.0.0.1;charset=utf8
[ sql ] [ SQL ] SHOW COLUMNS FROM `p_info` [ RunTime:0.013001s ]
[ sql ] [ SQL ] UPDATE `p_info`  SET `status`=1  WHERE  `id` = 1 [ RunTime:0.033200s ]
[ sql ] [ SQL ] SHOW COLUMNS FROM `log` [ RunTime:0.015001s ]
[ sql ] [ SQL ] INSERT INTO `log` (`log_user_name` , `log_name` , `log_operation` , `create_time`) VALUES ('admin' , '王海生' , '申请上线咨讯，结果：成功。' , 1520488603) [ RunTime:0.001000s ]
---------------------------------------------------------------
[ 2018-03-08T13:56:44+08:00 ] ::1 ::1 GET /Growth_network/order/admin.php/info/info/index.html
[ info ] localhost/Growth_network/order/admin.php/info/info/index.html [运行时间：0.093204s][吞吐率：10.73req/s] [内存消耗：2,621.77kb] [文件加载：49]
[ info ] [ LANG ] C:\PHP\php11\WWW\Growth_network\tp5\thinkphp\lang\zh-cn.php
[ info ] [ ROUTE ] array (
  'type' => 'module',
  'module' => 
  array (
    0 => 'info',
    1 => 'info',
    2 => 'index',
  ),
)
[ info ] [ HEADER ] array (
  'host' => 'localhost',
  'connection' => 'keep-alive',
  'cache-control' => 'max-age=0',
  'upgrade-insecure-requests' => '1',
  'user-agent' => 'Mozilla/5.0 (Windows NT 6.1; Win64; x64) AppleWebKit/537.36 (KHTML, like Gecko) Chrome/63.0.3239.132 Safari/537.36',
  'accept' => 'text/html,application/xhtml+xml,application/xml;q=0.9,image/webp,image/apng,*/*;q=0.8',
  'referer' => 'http://localhost/Growth_network/order/admin.php/info/info/index.html',
  'accept-encoding' => 'gzip, deflate, br',
  'accept-language' => 'zh-CN,zh;q=0.9',
  'cookie' => 'PHPSESSID=pdt3nttgsbor1d6n38pb4rt397',
)
[ info ] [ PARAM ] array (
)
[ info ] [ SESSION ] INIT array (
  'id' => '',
  'var_session_id' => '',
  'prefix' => 'think',
  'type' => '',
  'auto_start' => true,
  'expire' => 0,
)
[ info ] [ RUN ] app\info\controller\Info->index[ C:\PHP\php11\WWW\Growth_network\order\Admin\info\controller\Info.php ]
[ info ] [ DB ] INIT mysql
[ info ] [ VIEW ] C:\PHP\php11\WWW\Growth_network\order/Admin/info\view\info\index.html [ array (
  0 => 'list',
  1 => 'type',
  2 => 'count',
) ]
[ info ] [ LOG ] INIT File
[ sql ] [ DB ] CONNECT:[ UseTime:0.001000s ] mysql:dbname=book;host=127.0.0.1;charset=utf8
[ sql ] [ SQL ] SHOW COLUMNS FROM `P_info` [ RunTime:0.016001s ]
[ sql ] [ SQL ] SELECT COUNT(*) AS tp_count FROM `P_info` `a` INNER JOIN `info_type` `w` ON `a`.`type_id`=`w`.`type_id` LIMIT 1 [ RunTime:0.001000s ]
[ sql ] [ SQL ] SELECT * FROM `P_info` `a` INNER JOIN `info_type` `w` ON `a`.`type_id`=`w`.`type_id` LIMIT 0,5 [ RunTime:0.000000s ]
[ sql ] [ SQL ] SHOW COLUMNS FROM `p_info` [ RunTime:0.014000s ]
[ sql ] [ SQL ] SELECT COUNT(*) AS tp_count FROM `p_info` LIMIT 1 [ RunTime:0.000000s ]
[ sql ] [ SQL ] SHOW COLUMNS FROM `info_type` [ RunTime:0.013000s ]
[ sql ] [ SQL ] SELECT * FROM `info_type` WHERE  `type_status` = 1 [ RunTime:0.000000s ]
---------------------------------------------------------------
[ 2018-03-08T13:56:47+08:00 ] ::1 ::1 GET /Growth_network/order/admin.php/system/log/index.html
[ info ] localhost/Growth_network/order/admin.php/system/log/index.html [运行时间：0.118606s][吞吐率：8.43req/s] [内存消耗：2,554.88kb] [文件加载：48]
[ info ] [ LANG ] C:\PHP\php11\WWW\Growth_network\tp5\thinkphp\lang\zh-cn.php
[ info ] [ ROUTE ] array (
  'type' => 'module',
  'module' => 
  array (
    0 => 'system',
    1 => 'log',
    2 => 'index',
  ),
)
[ info ] [ HEADER ] array (
  'host' => 'localhost',
  'connection' => 'keep-alive',
  'upgrade-insecure-requests' => '1',
  'user-agent' => 'Mozilla/5.0 (Windows NT 6.1; Win64; x64) AppleWebKit/537.36 (KHTML, like Gecko) Chrome/63.0.3239.132 Safari/537.36',
  'accept' => 'text/html,application/xhtml+xml,application/xml;q=0.9,image/webp,image/apng,*/*;q=0.8',
  'referer' => 'http://localhost/Growth_network/order/admin.php/com/index/index.html',
  'accept-encoding' => 'gzip, deflate, br',
  'accept-language' => 'zh-CN,zh;q=0.9',
  'cookie' => 'PHPSESSID=pdt3nttgsbor1d6n38pb4rt397',
)
[ info ] [ PARAM ] array (
)
[ info ] [ SESSION ] INIT array (
  'id' => '',
  'var_session_id' => '',
  'prefix' => 'think',
  'type' => '',
  'auto_start' => true,
  'expire' => 0,
)
[ info ] [ RUN ] app\system\controller\Log->index[ C:\PHP\php11\WWW\Growth_network\order\Admin\system\controller\Log.php ]
[ info ] [ DB ] INIT mysql
[ info ] [ VIEW ] C:\PHP\php11\WWW\Growth_network\order/Admin/system\view\log\index.html [ array (
  0 => 'list',
  1 => 'count',
) ]
[ info ] [ LOG ] INIT File
[ sql ] [ DB ] CONNECT:[ UseTime:0.002000s ] mysql:dbname=book;host=127.0.0.1;charset=utf8
[ sql ] [ SQL ] SHOW COLUMNS FROM `log` [ RunTime:0.017001s ]
[ sql ] [ SQL ] SELECT COUNT(*) AS tp_count FROM `log` LIMIT 1 [ RunTime:0.000000s ]
[ sql ] [ SQL ] SELECT * FROM `log` ORDER BY `create_time`  desc LIMIT 0,15 [ RunTime:0.000000s ]
[ sql ] [ SQL ] SELECT COUNT(*) AS tp_count FROM `log` LIMIT 1 [ RunTime:0.000000s ]
---------------------------------------------------------------
[ 2018-03-08T13:57:19+08:00 ] ::1 ::1 POST /Growth_network/order/admin.php/info/info/article_status.html
[ info ] localhost/Growth_network/order/admin.php/info/info/article_status.html [运行时间：0.143405s][吞吐率：6.97req/s] [内存消耗：2,516.27kb] [文件加载：48]
[ info ] [ LANG ] C:\PHP\php11\WWW\Growth_network\tp5\thinkphp\lang\zh-cn.php
[ info ] [ ROUTE ] array (
  'type' => 'module',
  'module' => 
  array (
    0 => 'info',
    1 => 'info',
    2 => 'article_status',
  ),
)
[ info ] [ HEADER ] array (
  'host' => 'localhost',
  'connection' => 'keep-alive',
  'content-length' => '13',
  'accept' => '*/*',
  'origin' => 'http://localhost',
  'x-requested-with' => 'XMLHttpRequest',
  'user-agent' => 'Mozilla/5.0 (Windows NT 6.1; Win64; x64) AppleWebKit/537.36 (KHTML, like Gecko) Chrome/63.0.3239.132 Safari/537.36',
  'content-type' => 'application/x-www-form-urlencoded; charset=UTF-8',
  'referer' => 'http://localhost/Growth_network/order/admin.php/info/info/index.html',
  'accept-encoding' => 'gzip, deflate, br',
  'accept-language' => 'zh-CN,zh;q=0.9',
  'cookie' => 'PHPSESSID=pdt3nttgsbor1d6n38pb4rt397',
)
[ info ] [ PARAM ] array (
  'id' => '1',
  'status' => '0',
)
[ info ] [ SESSION ] INIT array (
  'id' => '',
  'var_session_id' => '',
  'prefix' => 'think',
  'type' => '',
  'auto_start' => true,
  'expire' => 0,
)
[ info ] [ RUN ] app\info\controller\Info->article_status[ C:\PHP\php11\WWW\Growth_network\order\Admin\info\controller\Info.php ]
[ info ] [ DB ] INIT mysql
[ info ] [ CACHE ] INIT File
[ info ] [ LOG ] INIT File
[ sql ] [ DB ] CONNECT:[ UseTime:0.001000s ] mysql:dbname=book;host=127.0.0.1;charset=utf8
[ sql ] [ SQL ] SHOW COLUMNS FROM `p_info` [ RunTime:0.005000s ]
[ sql ] [ SQL ] UPDATE `p_info`  SET `status`=0  WHERE  `id` = 1 [ RunTime:0.069203s ]
[ sql ] [ SQL ] SHOW COLUMNS FROM `log` [ RunTime:0.017001s ]
[ sql ] [ SQL ] INSERT INTO `log` (`log_user_name` , `log_name` , `log_operation` , `create_time`) VALUES ('admin' , '王海生' , '下架咨讯，结果：成功。' , 1520488639) [ RunTime:0.000000s ]
---------------------------------------------------------------
[ 2018-03-08T13:57:20+08:00 ] ::1 ::1 GET /Growth_network/order/admin.php/info/info/index.html
[ info ] localhost/Growth_network/order/admin.php/info/info/index.html [运行时间：0.137206s][吞吐率：7.29req/s] [内存消耗：2,621.77kb] [文件加载：49]
[ info ] [ LANG ] C:\PHP\php11\WWW\Growth_network\tp5\thinkphp\lang\zh-cn.php
[ info ] [ ROUTE ] array (
  'type' => 'module',
  'module' => 
  array (
    0 => 'info',
    1 => 'info',
    2 => 'index',
  ),
)
[ info ] [ HEADER ] array (
  'host' => 'localhost',
  'connection' => 'keep-alive',
  'cache-control' => 'max-age=0',
  'upgrade-insecure-requests' => '1',
  'user-agent' => 'Mozilla/5.0 (Windows NT 6.1; Win64; x64) AppleWebKit/537.36 (KHTML, like Gecko) Chrome/63.0.3239.132 Safari/537.36',
  'accept' => 'text/html,application/xhtml+xml,application/xml;q=0.9,image/webp,image/apng,*/*;q=0.8',
  'referer' => 'http://localhost/Growth_network/order/admin.php/info/info/index.html',
  'accept-encoding' => 'gzip, deflate, br',
  'accept-language' => 'zh-CN,zh;q=0.9',
  'cookie' => 'PHPSESSID=pdt3nttgsbor1d6n38pb4rt397',
)
[ info ] [ PARAM ] array (
)
[ info ] [ SESSION ] INIT array (
  'id' => '',
  'var_session_id' => '',
  'prefix' => 'think',
  'type' => '',
  'auto_start' => true,
  'expire' => 0,
)
[ info ] [ RUN ] app\info\controller\Info->index[ C:\PHP\php11\WWW\Growth_network\order\Admin\info\controller\Info.php ]
[ info ] [ DB ] INIT mysql
[ info ] [ VIEW ] C:\PHP\php11\WWW\Growth_network\order/Admin/info\view\info\index.html [ array (
  0 => 'list',
  1 => 'type',
  2 => 'count',
) ]
[ info ] [ LOG ] INIT File
[ sql ] [ DB ] CONNECT:[ UseTime:0.001000s ] mysql:dbname=book;host=127.0.0.1;charset=utf8
[ sql ] [ SQL ] SHOW COLUMNS FROM `P_info` [ RunTime:0.017001s ]
[ sql ] [ SQL ] SELECT COUNT(*) AS tp_count FROM `P_info` `a` INNER JOIN `info_type` `w` ON `a`.`type_id`=`w`.`type_id` LIMIT 1 [ RunTime:0.000000s ]
[ sql ] [ SQL ] SELECT * FROM `P_info` `a` INNER JOIN `info_type` `w` ON `a`.`type_id`=`w`.`type_id` LIMIT 0,5 [ RunTime:0.000000s ]
[ sql ] [ SQL ] SHOW COLUMNS FROM `p_info` [ RunTime:0.011001s ]
[ sql ] [ SQL ] SELECT COUNT(*) AS tp_count FROM `p_info` LIMIT 1 [ RunTime:0.000000s ]
[ sql ] [ SQL ] SHOW COLUMNS FROM `info_type` [ RunTime:0.056003s ]
[ sql ] [ SQL ] SELECT * FROM `info_type` WHERE  `type_status` = 1 [ RunTime:0.000000s ]
---------------------------------------------------------------
[ 2018-03-08T13:57:24+08:00 ] ::1 ::1 GET /Growth_network/order/admin.php/system/log/index.html
[ info ] localhost/Growth_network/order/admin.php/system/log/index.html [运行时间：0.108204s][吞吐率：9.24req/s] [内存消耗：2,554.82kb] [文件加载：48]
[ info ] [ LANG ] C:\PHP\php11\WWW\Growth_network\tp5\thinkphp\lang\zh-cn.php
[ info ] [ ROUTE ] array (
  'type' => 'module',
  'module' => 
  array (
    0 => 'system',
    1 => 'log',
    2 => 'index',
  ),
)
[ info ] [ HEADER ] array (
  'host' => 'localhost',
  'connection' => 'keep-alive',
  'upgrade-insecure-requests' => '1',
  'user-agent' => 'Mozilla/5.0 (Windows NT 6.1; Win64; x64) AppleWebKit/537.36 (KHTML, like Gecko) Chrome/63.0.3239.132 Safari/537.36',
  'accept' => 'text/html,application/xhtml+xml,application/xml;q=0.9,image/webp,image/apng,*/*;q=0.8',
  'referer' => 'http://localhost/Growth_network/order/admin.php/system/log/index.html',
  'accept-encoding' => 'gzip, deflate, br',
  'accept-language' => 'zh-CN,zh;q=0.9',
  'cookie' => 'PHPSESSID=pdt3nttgsbor1d6n38pb4rt397',
)
[ info ] [ PARAM ] array (
)
[ info ] [ SESSION ] INIT array (
  'id' => '',
  'var_session_id' => '',
  'prefix' => 'think',
  'type' => '',
  'auto_start' => true,
  'expire' => 0,
)
[ info ] [ RUN ] app\system\controller\Log->index[ C:\PHP\php11\WWW\Growth_network\order\Admin\system\controller\Log.php ]
[ info ] [ DB ] INIT mysql
[ info ] [ VIEW ] C:\PHP\php11\WWW\Growth_network\order/Admin/system\view\log\index.html [ array (
  0 => 'list',
  1 => 'count',
) ]
[ info ] [ LOG ] INIT File
[ sql ] [ DB ] CONNECT:[ UseTime:0.001000s ] mysql:dbname=book;host=127.0.0.1;charset=utf8
[ sql ] [ SQL ] SHOW COLUMNS FROM `log` [ RunTime:0.057004s ]
[ sql ] [ SQL ] SELECT COUNT(*) AS tp_count FROM `log` LIMIT 1 [ RunTime:0.001000s ]
[ sql ] [ SQL ] SELECT * FROM `log` ORDER BY `create_time`  desc LIMIT 0,15 [ RunTime:0.000000s ]
[ sql ] [ SQL ] SELECT COUNT(*) AS tp_count FROM `log` LIMIT 1 [ RunTime:0.000000s ]
---------------------------------------------------------------
[ 2018-03-08T13:57:29+08:00 ] ::1 ::1 GET /Growth_network/order/admin.php/system/log/index.html
[ info ] localhost/Growth_network/order/admin.php/system/log/index.html [运行时间：0.103204s][吞吐率：9.69req/s] [内存消耗：2,554.82kb] [文件加载：48]
[ info ] [ LANG ] C:\PHP\php11\WWW\Growth_network\tp5\thinkphp\lang\zh-cn.php
[ info ] [ ROUTE ] array (
  'type' => 'module',
  'module' => 
  array (
    0 => 'system',
    1 => 'log',
    2 => 'index',
  ),
)
[ info ] [ HEADER ] array (
  'host' => 'localhost',
  'connection' => 'keep-alive',
  'upgrade-insecure-requests' => '1',
  'user-agent' => 'Mozilla/5.0 (Windows NT 6.1; Win64; x64) AppleWebKit/537.36 (KHTML, like Gecko) Chrome/63.0.3239.132 Safari/537.36',
  'accept' => 'text/html,application/xhtml+xml,application/xml;q=0.9,image/webp,image/apng,*/*;q=0.8',
  'referer' => 'http://localhost/Growth_network/order/admin.php/com/index/index.html',
  'accept-encoding' => 'gzip, deflate, br',
  'accept-language' => 'zh-CN,zh;q=0.9',
  'cookie' => 'PHPSESSID=pdt3nttgsbor1d6n38pb4rt397',
)
[ info ] [ PARAM ] array (
)
[ info ] [ SESSION ] INIT array (
  'id' => '',
  'var_session_id' => '',
  'prefix' => 'think',
  'type' => '',
  'auto_start' => true,
  'expire' => 0,
)
[ info ] [ RUN ] app\system\controller\Log->index[ C:\PHP\php11\WWW\Growth_network\order\Admin\system\controller\Log.php ]
[ info ] [ DB ] INIT mysql
[ info ] [ VIEW ] C:\PHP\php11\WWW\Growth_network\order/Admin/system\view\log\index.html [ array (
  0 => 'list',
  1 => 'count',
) ]
[ info ] [ LOG ] INIT File
[ sql ] [ DB ] CONNECT:[ UseTime:0.001000s ] mysql:dbname=book;host=127.0.0.1;charset=utf8
[ sql ] [ SQL ] SHOW COLUMNS FROM `log` [ RunTime:0.052003s ]
[ sql ] [ SQL ] SELECT COUNT(*) AS tp_count FROM `log` LIMIT 1 [ RunTime:0.001000s ]
[ sql ] [ SQL ] SELECT * FROM `log` ORDER BY `create_time`  desc LIMIT 0,15 [ RunTime:0.000000s ]
[ sql ] [ SQL ] SELECT COUNT(*) AS tp_count FROM `log` LIMIT 1 [ RunTime:0.001000s ]
---------------------------------------------------------------
[ 2018-03-08T13:57:33+08:00 ] ::1 ::1 POST /Growth_network/order/admin.php/info/info/article_status.html
[ info ] localhost/Growth_network/order/admin.php/info/info/article_status.html [运行时间：0.104204s][吞吐率：9.60req/s] [内存消耗：2,516.27kb] [文件加载：48]
[ info ] [ LANG ] C:\PHP\php11\WWW\Growth_network\tp5\thinkphp\lang\zh-cn.php
[ info ] [ ROUTE ] array (
  'type' => 'module',
  'module' => 
  array (
    0 => 'info',
    1 => 'info',
    2 => 'article_status',
  ),
)
[ info ] [ HEADER ] array (
  'host' => 'localhost',
  'connection' => 'keep-alive',
  'content-length' => '13',
  'accept' => '*/*',
  'origin' => 'http://localhost',
  'x-requested-with' => 'XMLHttpRequest',
  'user-agent' => 'Mozilla/5.0 (Windows NT 6.1; Win64; x64) AppleWebKit/537.36 (KHTML, like Gecko) Chrome/63.0.3239.132 Safari/537.36',
  'content-type' => 'application/x-www-form-urlencoded; charset=UTF-8',
  'referer' => 'http://localhost/Growth_network/order/admin.php/info/info/index.html',
  'accept-encoding' => 'gzip, deflate, br',
  'accept-language' => 'zh-CN,zh;q=0.9',
  'cookie' => 'PHPSESSID=pdt3nttgsbor1d6n38pb4rt397',
)
[ info ] [ PARAM ] array (
  'id' => '1',
  'status' => '1',
)
[ info ] [ SESSION ] INIT array (
  'id' => '',
  'var_session_id' => '',
  'prefix' => 'think',
  'type' => '',
  'auto_start' => true,
  'expire' => 0,
)
[ info ] [ RUN ] app\info\controller\Info->article_status[ C:\PHP\php11\WWW\Growth_network\order\Admin\info\controller\Info.php ]
[ info ] [ DB ] INIT mysql
[ info ] [ CACHE ] INIT File
[ info ] [ LOG ] INIT File
[ sql ] [ DB ] CONNECT:[ UseTime:0.002000s ] mysql:dbname=book;host=127.0.0.1;charset=utf8
[ sql ] [ SQL ] SHOW COLUMNS FROM `p_info` [ RunTime:0.021001s ]
[ sql ] [ SQL ] UPDATE `p_info`  SET `status`=1  WHERE  `id` = 1 [ RunTime:0.024002s ]
[ sql ] [ SQL ] SHOW COLUMNS FROM `log` [ RunTime:0.014000s ]
[ sql ] [ SQL ] INSERT INTO `log` (`log_user_name` , `log_name` , `log_operation` , `create_time`) VALUES ('admin' , '王海生' , '发布咨讯，结果：成功。' , 1520488653) [ RunTime:0.000000s ]
---------------------------------------------------------------
[ 2018-03-08T13:57:34+08:00 ] ::1 ::1 GET /Growth_network/order/admin.php/info/info/index.html
[ info ] localhost/Growth_network/order/admin.php/info/info/index.html [运行时间：0.090203s][吞吐率：11.09req/s] [内存消耗：2,621.77kb] [文件加载：49]
[ info ] [ LANG ] C:\PHP\php11\WWW\Growth_network\tp5\thinkphp\lang\zh-cn.php
[ info ] [ ROUTE ] array (
  'type' => 'module',
  'module' => 
  array (
    0 => 'info',
    1 => 'info',
    2 => 'index',
  ),
)
[ info ] [ HEADER ] array (
  'host' => 'localhost',
  'connection' => 'keep-alive',
  'cache-control' => 'max-age=0',
  'upgrade-insecure-requests' => '1',
  'user-agent' => 'Mozilla/5.0 (Windows NT 6.1; Win64; x64) AppleWebKit/537.36 (KHTML, like Gecko) Chrome/63.0.3239.132 Safari/537.36',
  'accept' => 'text/html,application/xhtml+xml,application/xml;q=0.9,image/webp,image/apng,*/*;q=0.8',
  'referer' => 'http://localhost/Growth_network/order/admin.php/info/info/index.html',
  'accept-encoding' => 'gzip, deflate, br',
  'accept-language' => 'zh-CN,zh;q=0.9',
  'cookie' => 'PHPSESSID=pdt3nttgsbor1d6n38pb4rt397',
)
[ info ] [ PARAM ] array (
)
[ info ] [ SESSION ] INIT array (
  'id' => '',
  'var_session_id' => '',
  'prefix' => 'think',
  'type' => '',
  'auto_start' => true,
  'expire' => 0,
)
[ info ] [ RUN ] app\info\controller\Info->index[ C:\PHP\php11\WWW\Growth_network\order\Admin\info\controller\Info.php ]
[ info ] [ DB ] INIT mysql
[ info ] [ VIEW ] C:\PHP\php11\WWW\Growth_network\order/Admin/info\view\info\index.html [ array (
  0 => 'list',
  1 => 'type',
  2 => 'count',
) ]
[ info ] [ LOG ] INIT File
[ sql ] [ DB ] CONNECT:[ UseTime:0.001000s ] mysql:dbname=book;host=127.0.0.1;charset=utf8
[ sql ] [ SQL ] SHOW COLUMNS FROM `P_info` [ RunTime:0.016001s ]
[ sql ] [ SQL ] SELECT COUNT(*) AS tp_count FROM `P_info` `a` INNER JOIN `info_type` `w` ON `a`.`type_id`=`w`.`type_id` LIMIT 1 [ RunTime:0.000000s ]
[ sql ] [ SQL ] SELECT * FROM `P_info` `a` INNER JOIN `info_type` `w` ON `a`.`type_id`=`w`.`type_id` LIMIT 0,5 [ RunTime:0.001000s ]
[ sql ] [ SQL ] SHOW COLUMNS FROM `p_info` [ RunTime:0.011001s ]
[ sql ] [ SQL ] SELECT COUNT(*) AS tp_count FROM `p_info` LIMIT 1 [ RunTime:0.001000s ]
[ sql ] [ SQL ] SHOW COLUMNS FROM `info_type` [ RunTime:0.015001s ]
[ sql ] [ SQL ] SELECT * FROM `info_type` WHERE  `type_status` = 1 [ RunTime:0.001000s ]
---------------------------------------------------------------
[ 2018-03-08T13:57:37+08:00 ] ::1 ::1 GET /Growth_network/order/admin.php/system/log/index.html
[ info ] localhost/Growth_network/order/admin.php/system/log/index.html [运行时间：0.068603s][吞吐率：14.58req/s] [内存消耗：2,554.81kb] [文件加载：48]
[ info ] [ LANG ] C:\PHP\php11\WWW\Growth_network\tp5\thinkphp\lang\zh-cn.php
[ info ] [ ROUTE ] array (
  'type' => 'module',
  'module' => 
  array (
    0 => 'system',
    1 => 'log',
    2 => 'index',
  ),
)
[ info ] [ HEADER ] array (
  'host' => 'localhost',
  'connection' => 'keep-alive',
  'upgrade-insecure-requests' => '1',
  'user-agent' => 'Mozilla/5.0 (Windows NT 6.1; Win64; x64) AppleWebKit/537.36 (KHTML, like Gecko) Chrome/63.0.3239.132 Safari/537.36',
  'accept' => 'text/html,application/xhtml+xml,application/xml;q=0.9,image/webp,image/apng,*/*;q=0.8',
  'referer' => 'http://localhost/Growth_network/order/admin.php/system/log/index.html',
  'accept-encoding' => 'gzip, deflate, br',
  'accept-language' => 'zh-CN,zh;q=0.9',
  'cookie' => 'PHPSESSID=pdt3nttgsbor1d6n38pb4rt397',
)
[ info ] [ PARAM ] array (
)
[ info ] [ SESSION ] INIT array (
  'id' => '',
  'var_session_id' => '',
  'prefix' => 'think',
  'type' => '',
  'auto_start' => true,
  'expire' => 0,
)
[ info ] [ RUN ] app\system\controller\Log->index[ C:\PHP\php11\WWW\Growth_network\order\Admin\system\controller\Log.php ]
[ info ] [ DB ] INIT mysql
[ info ] [ VIEW ] C:\PHP\php11\WWW\Growth_network\order/Admin/system\view\log\index.html [ array (
  0 => 'list',
  1 => 'count',
) ]
[ info ] [ LOG ] INIT File
[ sql ] [ DB ] CONNECT:[ UseTime:0.002000s ] mysql:dbname=book;host=127.0.0.1;charset=utf8
[ sql ] [ SQL ] SHOW COLUMNS FROM `log` [ RunTime:0.018001s ]
[ sql ] [ SQL ] SELECT COUNT(*) AS tp_count FROM `log` LIMIT 1 [ RunTime:0.001000s ]
[ sql ] [ SQL ] SELECT * FROM `log` ORDER BY `create_time`  desc LIMIT 0,15 [ RunTime:0.000000s ]
[ sql ] [ SQL ] SELECT COUNT(*) AS tp_count FROM `log` LIMIT 1 [ RunTime:0.000000s ]
---------------------------------------------------------------
[ 2018-03-08T13:57:39+08:00 ] ::1 ::1 GET /Growth_network/order/admin.php/system/log/index.html
[ info ] localhost/Growth_network/order/admin.php/system/log/index.html [运行时间：0.080604s][吞吐率：12.41req/s] [内存消耗：2,554.81kb] [文件加载：48]
[ info ] [ LANG ] C:\PHP\php11\WWW\Growth_network\tp5\thinkphp\lang\zh-cn.php
[ info ] [ ROUTE ] array (
  'type' => 'module',
  'module' => 
  array (
    0 => 'system',
    1 => 'log',
    2 => 'index',
  ),
)
[ info ] [ HEADER ] array (
  'host' => 'localhost',
  'connection' => 'keep-alive',
  'upgrade-insecure-requests' => '1',
  'user-agent' => 'Mozilla/5.0 (Windows NT 6.1; Win64; x64) AppleWebKit/537.36 (KHTML, like Gecko) Chrome/63.0.3239.132 Safari/537.36',
  'accept' => 'text/html,application/xhtml+xml,application/xml;q=0.9,image/webp,image/apng,*/*;q=0.8',
  'referer' => 'http://localhost/Growth_network/order/admin.php/com/index/index.html',
  'accept-encoding' => 'gzip, deflate, br',
  'accept-language' => 'zh-CN,zh;q=0.9',
  'cookie' => 'PHPSESSID=pdt3nttgsbor1d6n38pb4rt397',
)
[ info ] [ PARAM ] array (
)
[ info ] [ SESSION ] INIT array (
  'id' => '',
  'var_session_id' => '',
  'prefix' => 'think',
  'type' => '',
  'auto_start' => true,
  'expire' => 0,
)
[ info ] [ RUN ] app\system\controller\Log->index[ C:\PHP\php11\WWW\Growth_network\order\Admin\system\controller\Log.php ]
[ info ] [ DB ] INIT mysql
[ info ] [ VIEW ] C:\PHP\php11\WWW\Growth_network\order/Admin/system\view\log\index.html [ array (
  0 => 'list',
  1 => 'count',
) ]
[ info ] [ LOG ] INIT File
[ sql ] [ DB ] CONNECT:[ UseTime:0.002001s ] mysql:dbname=book;host=127.0.0.1;charset=utf8
[ sql ] [ SQL ] SHOW COLUMNS FROM `log` [ RunTime:0.037002s ]
[ sql ] [ SQL ] SELECT COUNT(*) AS tp_count FROM `log` LIMIT 1 [ RunTime:0.000000s ]
[ sql ] [ SQL ] SELECT * FROM `log` ORDER BY `create_time`  desc LIMIT 0,15 [ RunTime:0.001000s ]
[ sql ] [ SQL ] SELECT COUNT(*) AS tp_count FROM `log` LIMIT 1 [ RunTime:0.000000s ]
---------------------------------------------------------------
[ 2018-03-08T13:57:44+08:00 ] ::1 ::1 POST /Growth_network/order/admin.php/info/info/article_status.html
[ info ] localhost/Growth_network/order/admin.php/info/info/article_status.html [运行时间：0.129206s][吞吐率：7.74req/s] [内存消耗：2,516.27kb] [文件加载：48]
[ info ] [ LANG ] C:\PHP\php11\WWW\Growth_network\tp5\thinkphp\lang\zh-cn.php
[ info ] [ ROUTE ] array (
  'type' => 'module',
  'module' => 
  array (
    0 => 'info',
    1 => 'info',
    2 => 'article_status',
  ),
)
[ info ] [ HEADER ] array (
  'host' => 'localhost',
  'connection' => 'keep-alive',
  'content-length' => '13',
  'accept' => '*/*',
  'origin' => 'http://localhost',
  'x-requested-with' => 'XMLHttpRequest',
  'user-agent' => 'Mozilla/5.0 (Windows NT 6.1; Win64; x64) AppleWebKit/537.36 (KHTML, like Gecko) Chrome/63.0.3239.132 Safari/537.36',
  'content-type' => 'application/x-www-form-urlencoded; charset=UTF-8',
  'referer' => 'http://localhost/Growth_network/order/admin.php/info/info/index.html',
  'accept-encoding' => 'gzip, deflate, br',
  'accept-language' => 'zh-CN,zh;q=0.9',
  'cookie' => 'PHPSESSID=pdt3nttgsbor1d6n38pb4rt397',
)
[ info ] [ PARAM ] array (
  'id' => '1',
  'status' => '0',
)
[ info ] [ SESSION ] INIT array (
  'id' => '',
  'var_session_id' => '',
  'prefix' => 'think',
  'type' => '',
  'auto_start' => true,
  'expire' => 0,
)
[ info ] [ RUN ] app\info\controller\Info->article_status[ C:\PHP\php11\WWW\Growth_network\order\Admin\info\controller\Info.php ]
[ info ] [ DB ] INIT mysql
[ info ] [ CACHE ] INIT File
[ info ] [ LOG ] INIT File
[ sql ] [ DB ] CONNECT:[ UseTime:0.002000s ] mysql:dbname=book;host=127.0.0.1;charset=utf8
[ sql ] [ SQL ] SHOW COLUMNS FROM `p_info` [ RunTime:0.034002s ]
[ sql ] [ SQL ] UPDATE `p_info`  SET `status`=0  WHERE  `id` = 1 [ RunTime:0.031001s ]
[ sql ] [ SQL ] SHOW COLUMNS FROM `log` [ RunTime:0.016001s ]
[ sql ] [ SQL ] INSERT INTO `log` (`log_user_name` , `log_name` , `log_operation` , `create_time`) VALUES ('admin' , '王海生' , '下架咨讯，结果：成功。' , 1520488664) [ RunTime:0.000000s ]
---------------------------------------------------------------
[ 2018-03-08T13:57:45+08:00 ] ::1 ::1 GET /Growth_network/order/admin.php/info/info/index.html
[ info ] localhost/Growth_network/order/admin.php/info/info/index.html [运行时间：0.103205s][吞吐率：9.69req/s] [内存消耗：2,621.77kb] [文件加载：49]
[ info ] [ LANG ] C:\PHP\php11\WWW\Growth_network\tp5\thinkphp\lang\zh-cn.php
[ info ] [ ROUTE ] array (
  'type' => 'module',
  'module' => 
  array (
    0 => 'info',
    1 => 'info',
    2 => 'index',
  ),
)
[ info ] [ HEADER ] array (
  'host' => 'localhost',
  'connection' => 'keep-alive',
  'cache-control' => 'max-age=0',
  'upgrade-insecure-requests' => '1',
  'user-agent' => 'Mozilla/5.0 (Windows NT 6.1; Win64; x64) AppleWebKit/537.36 (KHTML, like Gecko) Chrome/63.0.3239.132 Safari/537.36',
  'accept' => 'text/html,application/xhtml+xml,application/xml;q=0.9,image/webp,image/apng,*/*;q=0.8',
  'referer' => 'http://localhost/Growth_network/order/admin.php/info/info/index.html',
  'accept-encoding' => 'gzip, deflate, br',
  'accept-language' => 'zh-CN,zh;q=0.9',
  'cookie' => 'PHPSESSID=pdt3nttgsbor1d6n38pb4rt397',
)
[ info ] [ PARAM ] array (
)
[ info ] [ SESSION ] INIT array (
  'id' => '',
  'var_session_id' => '',
  'prefix' => 'think',
  'type' => '',
  'auto_start' => true,
  'expire' => 0,
)
[ info ] [ RUN ] app\info\controller\Info->index[ C:\PHP\php11\WWW\Growth_network\order\Admin\info\controller\Info.php ]
[ info ] [ DB ] INIT mysql
[ info ] [ VIEW ] C:\PHP\php11\WWW\Growth_network\order/Admin/info\view\info\index.html [ array (
  0 => 'list',
  1 => 'type',
  2 => 'count',
) ]
[ info ] [ LOG ] INIT File
[ sql ] [ DB ] CONNECT:[ UseTime:0.001000s ] mysql:dbname=book;host=127.0.0.1;charset=utf8
[ sql ] [ SQL ] SHOW COLUMNS FROM `P_info` [ RunTime:0.021001s ]
[ sql ] [ SQL ] SELECT COUNT(*) AS tp_count FROM `P_info` `a` INNER JOIN `info_type` `w` ON `a`.`type_id`=`w`.`type_id` LIMIT 1 [ RunTime:0.001000s ]
[ sql ] [ SQL ] SELECT * FROM `P_info` `a` INNER JOIN `info_type` `w` ON `a`.`type_id`=`w`.`type_id` LIMIT 0,5 [ RunTime:0.000000s ]
[ sql ] [ SQL ] SHOW COLUMNS FROM `p_info` [ RunTime:0.019001s ]
[ sql ] [ SQL ] SELECT COUNT(*) AS tp_count FROM `p_info` LIMIT 1 [ RunTime:0.000000s ]
[ sql ] [ SQL ] SHOW COLUMNS FROM `info_type` [ RunTime:0.013000s ]
[ sql ] [ SQL ] SELECT * FROM `info_type` WHERE  `type_status` = 1 [ RunTime:0.001000s ]
